<?xml version="1.0" encoding="UTF-8" standalone="no"?><testsuite errors="0" failures="1" name="HU1247_Inicio de sesion por primera vez" skipped="0" tests="1" time="21.05" timestamp="2025-03-21 01:08:15"><testcase name="Validacion elementos home page"><failure message="&#10;Expected: an element that is visible&#10;     but: no matching element found by [Support Text located with: AppiumaccessibilityId: Support]" type="java.lang.AssertionError">
Expected: an element that is visible
     but: no matching element found by [Support Text located with: AppiumaccessibilityId: Support]</failure><system-err>
Expected: an element that is visible
     but: no matching element found by [Support Text located with: AppiumaccessibilityId: Support]
appmobile.questions.ElementVisibleQuestion.answeredBy(ElementVisibleQuestion.java:23)
appmobile.questions.ElementVisibleQuestion.answeredBy(ElementVisibleQuestion.java:10)
appmobile.stepdefinitions.HomeValidateStepDefinitions.userValidateHomeElements(HomeValidateStepDefinitions.java:50)
worker.org.gradle.process.internal.worker.GradleWorkerMain.run(GradleWorkerMain.java:69)
worker.org.gradle.process.internal.worker.GradleWorkerMain.main(GradleWorkerMain.java:74)
</system-err></testcase></testsuite>